<?xml version="1.0" encoding="UTF-8"?>
<!-- Generated by org.testng.reporters.JUnitReportReporter -->
<testsuite hostname="DESKTOP-G381AI6" failures="0" tests="2" name="Package123.groupByMethods" time="0.017" errors="0" timestamp="2024-10-10T20:46:12 IST" skipped="0">
  <testcase classname="Package123.groupByMethods" name="test3" time="0.004"/>
  <system-out/>
  <testcase classname="Package123.groupByMethods" name="test2" time="0.013"/>
  <system-out/>
</testsuite> <!-- Package123.groupByMethods -->
