<?xml version="1.0" encoding="UTF-8"?>
<!-- Generated by org.testng.reporters.JUnitReportReporter -->
<testsuite hostname="DESKTOP-G381AI6" failures="0" tests="2" name="Package123.parameterization" time="14.157" errors="0" timestamp="2024-10-10T21:02:35 IST" skipped="0">
  <testcase classname="Package123.parameterization" name="test1" time="7.662"/>
  <system-out/>
  <testcase classname="Package123.parameterization" name="test1" time="6.495"/>
  <system-out/>
</testsuite> <!-- Package123.parameterization -->
