<?xml version="1.0" encoding="UTF-8"?>
<!-- Generated by org.testng.reporters.JUnitReportReporter -->
<testsuite hostname="DESKTOP-G381AI6" failures="0" tests="4" name="priorityOgTestNG" time="0.025" errors="0" timestamp="2024-10-08T21:09:34 IST" skipped="0">
  <testcase classname="priorityOgTestNG" name="c" time="0.012"/>
  <system-out/>
  <testcase classname="priorityOgTestNG" name="A_1" time="0.002"/>
  <system-out/>
  <testcase classname="priorityOgTestNG" name="A1" time="0.009"/>
  <system-out/>
  <testcase classname="priorityOgTestNG" name="d" time="0.002"/>
  <system-out/>
</testsuite> <!-- priorityOgTestNG -->
