<?xml version="1.0" encoding="UTF-8"?>
<!-- Generated by org.testng.reporters.JUnitReportReporter -->
<testsuite hostname="DESKTOP-G381AI6" failures="0" tests="3" name="Package123.dataProvider" time="0.031" errors="0" timestamp="2024-10-14T15:55:02 IST" skipped="0">
  <testcase classname="Package123.dataProvider" name="dataTest" time="0.009"/>
  <system-out/>
  <testcase classname="Package123.dataProvider" name="dataTest" time="0.012"/>
  <system-out/>
  <testcase classname="Package123.dataProvider" name="dataTest" time="0.010"/>
  <system-out/>
</testsuite> <!-- Package123.dataProvider -->
