<?xml version="1.0" encoding="UTF-8"?>
<!-- Generated by org.testng.reporters.JUnitReportReporter -->
<testsuite hostname="DESKTOP-G381AI6" failures="0" tests="1" name="firstprogram" time="0.015" errors="0" timestamp="2024-10-08T20:54:11 IST" skipped="0">
  <testcase classname="firstprogram" name="methodBeforeSuite1" time="0.015"/>
  <system-out/>
</testsuite> <!-- firstprogram -->
