<?xml version="1.0" encoding="UTF-8"?>
<!-- Generated by org.testng.reporters.JUnitReportReporter -->
<testsuite hostname="DESKTOP-G381AI6" failures="0" tests="2" name="Package123.DataProviderTest" time="22.716" errors="0" timestamp="2024-10-15T21:06:41 IST" skipped="0">
  <testcase classname="Package123.DataProviderTest" name="launch" time="7.484"/>
  <system-out/>
  <testcase classname="Package123.DataProviderTest" name="launch" time="15.232"/>
  <system-out/>
</testsuite> <!-- Package123.DataProviderTest -->
