<?xml version="1.0" encoding="UTF-8"?>
<!-- Generated by org.testng.reporters.JUnitReportReporter -->
<testsuite hostname="DESKTOP-G381AI6" failures="0" tests="2" name="Package123.annotationOfTestng" time="0.007" errors="0" timestamp="2024-10-09T21:06:17 IST" skipped="1">
  <testcase classname="Package123.annotationOfTestng" name="methodBeforeSuite1" time="0.007"/>
  <system-out/>
  <testcase classname="Package123.annotationOfTestng" name="methodBeforeTest">
    <skipped/>
  </testcase> <!-- methodBeforeTest -->
  <system-out/>
</testsuite> <!-- Package123.annotationOfTestng -->
