<?xml version="1.0" encoding="UTF-8"?>
<!-- Generated by org.testng.reporters.JUnitReportReporter -->
<testsuite hostname="DESKTOP-G381AI6" failures="0" tests="2" name="parallelTesting.ParallelTest1" time="0.034" errors="0" timestamp="2024-10-17T20:39:33 IST" skipped="0">
  <testcase classname="parallelTesting.ParallelTest1" name="title" time="0.008"/>
  <system-out/>
  <testcase classname="parallelTesting.ParallelTest1" name="launch" time="0.026"/>
  <system-out/>
</testsuite> <!-- parallelTesting.ParallelTest1 -->
