<?xml version="1.0" encoding="UTF-8"?>
<!-- Generated by org.testng.reporters.JUnitReportReporter -->
<testsuite hostname="DESKTOP-G381AI6" failures="0" tests="2" name="parallelTesting.parallelTesting2" time="0.037" errors="0" timestamp="2024-10-17T20:39:33 IST" skipped="0">
  <testcase classname="parallelTesting.parallelTesting2" name="launch" time="0.028"/>
  <system-out/>
  <testcase classname="parallelTesting.parallelTesting2" name="title" time="0.009"/>
  <system-out/>
</testsuite> <!-- parallelTesting.parallelTesting2 -->
